[18:42:29] [ServerMain/INFO]: Environment: Environment[accountsHost=https://api.mojang.com, sessionHost=https://sessionserver.mojang.com, servicesHost=https://api.minecraftservices.com, name=PROD]
[18:42:31] [ServerMain/WARN]: Found loot table element validation problem in {loot_tables:minecraft:entities/bat}.pools[2].entries[0]: Unknown loot table called minecraft:entities/reference/extra/bat
[18:42:31] [ServerMain/WARN]: Found loot table element validation problem in {loot_tables:minecraft:entities/shulker}.pools[2].entries[0]: Unknown loot table called minecraft:entities/reference/extra/shulker
[18:42:31] [ServerMain/WARN]: Found loot table element validation problem in {loot_tables:minecraft:entities/ender_dragon}.pools[0].entries[0]: Unknown loot table called minecraft:entities/reference/extra/ender_dragon
[18:42:31] [ServerMain/INFO]: Loaded 7 recipes
[18:42:31] [Server thread/INFO]: Starting minecraft server version 1.20.2
[18:42:31] [Server thread/WARN]: ****************************
[18:42:31] [Server thread/WARN]: YOU ARE RUNNING THIS SERVER AS AN ADMINISTRATIVE OR ROOT USER. THIS IS NOT ADVISED.
[18:42:31] [Server thread/WARN]: YOU ARE OPENING YOURSELF UP TO POTENTIAL RISKS WHEN DOING THIS.
[18:42:31] [Server thread/WARN]: FOR MORE INFORMATION, SEE https://madelinemiller.dev/blog/root-minecraft-server/
[18:42:31] [Server thread/WARN]: ****************************
[18:42:31] [Server thread/INFO]: Loading properties
[18:42:32] [Server thread/INFO]: This server is running Paper version git-Paper-260 (MC: 1.20.2) (Implementing API version 1.20.2-R0.1-SNAPSHOT) (Git: 1865625)
[18:42:33] [Server thread/INFO]: Server Ping Player Sample Count: 12
[18:42:33] [Server thread/INFO]: Using 4 threads for Netty based IO
[18:42:33] [Server thread/WARN]: [!] The timings profiler has been enabled but has been scheduled for removal from Paper in the future.
    We recommend installing the spark profiler as a replacement: https://spark.lucko.me/
    For more information please visit: https://github.com/PaperMC/Paper/issues/8948
[18:42:33] [Server thread/INFO]: [ChunkTaskScheduler] Chunk system is using 1 I/O threads, 1 worker threads, and gen parallelism of 1 threads
[18:42:34] [Server thread/INFO]: Default game type: SURVIVAL
[18:42:34] [Server thread/INFO]: Generating keypair
[18:42:34] [Server thread/INFO]: Starting Minecraft server on *:25565
[18:42:34] [Server thread/INFO]: Using epoll channel type
[18:42:34] [Server thread/INFO]: Paper: Using libdeflate (Linux x86_64) compression from Velocity.
[18:42:34] [Server thread/INFO]: Paper: Using OpenSSL 3.0.x (Linux x86_64) cipher from Velocity.
[18:42:34] [Server thread/INFO]: [InvSee++] Loading server plugin InvSeePlusPlus v0.24.7
[18:42:34] [Server thread/INFO]: [TabTPS] Loading server plugin TabTPS v1.3.21
[18:42:34] [Server thread/INFO]: [ImageOnMap] Loading server plugin ImageOnMap v4.2.2
[18:42:34] [Server thread/INFO]: Server permissions file permissions.yml is empty, ignoring it
[18:42:34] [Server thread/INFO]: Preparing level "Aeron's victim group (World 1)"
[18:42:35] [Server thread/INFO]: Preparing start region for dimension minecraft:overworld
[18:42:36] [Server thread/INFO]: Time elapsed: 365 ms
[18:42:36] [Server thread/INFO]: Preparing start region for dimension minecraft:the_nether
[18:42:36] [Server thread/INFO]: Time elapsed: 69 ms
[18:42:36] [Server thread/INFO]: Preparing start region for dimension minecraft:the_end
[18:42:36] [Server thread/INFO]: Time elapsed: 86 ms
[18:42:36] [Server thread/INFO]: [InvSee++] Enabling InvSeePlusPlus v0.24.7
[18:42:36] [Server thread/INFO]: [TabTPS] Enabling TabTPS v1.3.21
[18:42:38] [Server thread/INFO]: [TabTPS] Successfully registered Mojang Brigadier support for commands.
[18:42:38] [Server thread/INFO]: [TabTPS] Successfully registered asynchronous command completion listener.
[18:42:39] [Server thread/INFO]: [ImageOnMap] Enabling ImageOnMap v4.2.2
[18:42:39] [Server thread/INFO]: [ImageOnMap] Loaded 1 player map files.
[18:42:39] [Server thread/INFO]: Starting remote control listener
[18:42:39] [Server thread/INFO]: Thread RCON Listener started
[18:42:39] [Server thread/INFO]: RCON running on 0.0.0.0:25575
[18:42:39] [Server thread/INFO]: Running delayed init tasks
[18:42:39] [Server thread/INFO]: Done (7.555s)! For help, type "help"
[18:42:39] [Server thread/INFO]: Timings Reset
[18:42:39] [Server thread/INFO]: Stopping the server
[18:42:39] [Server thread/INFO]: Stopping server
[18:42:39] [Server thread/INFO]: [ImageOnMap] Disabling ImageOnMap v4.2.2
[18:42:39] [Server thread/INFO]: [TabTPS] Disabling TabTPS v1.3.21
[18:42:39] [Server thread/INFO]: [InvSee++] Disabling InvSeePlusPlus v0.24.7
[18:42:40] [Server thread/INFO]: Saving players
[18:42:40] [Server thread/INFO]: Saving worlds
[18:42:40] [Server thread/INFO]: Saving chunks for level 'ServerLevel[Aeron's victim group (World 1)]'/minecraft:overworld
[18:42:40] [Server thread/INFO]: [ChunkHolderManager] Waiting 60s for chunk system to halt for world 'Aeron's victim group (World 1)'
[18:42:40] [Server thread/INFO]: [ChunkHolderManager] Halted chunk system for world 'Aeron's victim group (World 1)'
[18:42:40] [Server thread/INFO]: [ChunkHolderManager] Saving all chunkholders for world 'Aeron's victim group (World 1)'
[18:42:40] [Server thread/INFO]: [ChunkHolderManager] Saved 4 block chunks, 4 entity chunks, 0 poi chunks in world 'Aeron's victim group (World 1)' in 0.16s
[18:42:40] [Server thread/INFO]: ThreadedAnvilChunkStorage (Aeron's victim group (World 1)): All chunks are saved
[18:42:40] [Server thread/INFO]: Saving chunks for level 'ServerLevel[Aeron's victim group (World 1)_nether]'/minecraft:the_nether
[18:42:40] [Server thread/INFO]: [ChunkHolderManager] Waiting 60s for chunk system to halt for world 'Aeron's victim group (World 1)_nether'
[18:42:40] [Server thread/INFO]: [ChunkHolderManager] Halted chunk system for world 'Aeron's victim group (World 1)_nether'
[18:42:40] [Server thread/INFO]: [ChunkHolderManager] Saving all chunkholders for world 'Aeron's victim group (World 1)_nether'
[18:42:40] [Server thread/INFO]: [ChunkHolderManager] Saved 4 block chunks, 4 entity chunks, 0 poi chunks in world 'Aeron's victim group (World 1)_nether' in 0.04s
[18:42:40] [Server thread/INFO]: ThreadedAnvilChunkStorage (DIM-1): All chunks are saved
[18:42:40] [Server thread/INFO]: Saving chunks for level 'ServerLevel[Aeron's victim group (World 1)_the_end]'/minecraft:the_end
[18:42:40] [Server thread/INFO]: [ChunkHolderManager] Waiting 60s for chunk system to halt for world 'Aeron's victim group (World 1)_the_end'
[18:42:40] [Server thread/INFO]: [ChunkHolderManager] Halted chunk system for world 'Aeron's victim group (World 1)_the_end'
[18:42:40] [Server thread/INFO]: [ChunkHolderManager] Saving all chunkholders for world 'Aeron's victim group (World 1)_the_end'
[18:42:40] [Server thread/INFO]: [ChunkHolderManager] Saved 4 block chunks, 4 entity chunks, 0 poi chunks in world 'Aeron's victim group (World 1)_the_end' in 0.02s
[18:42:40] [Server thread/INFO]: ThreadedAnvilChunkStorage (DIM1): All chunks are saved
[18:42:40] [Server thread/INFO]: ThreadedAnvilChunkStorage: All dimensions are saved
[18:42:40] [Server thread/INFO]: Flushing Chunk IO
[18:42:40] [Server thread/INFO]: Closing Thread Pool
[18:42:43] [Server thread/INFO]: Closing Server
